# JRE version: OpenJDK Runtime Environment (20.0+36) (build 20+36-2344)
# Java VM: OpenJDK 64-Bit Server VM (20+36-2344, mixed mode, emulated-client, sharing, tiered, compressed oops, compressed class ptrs, g1 gc, windows-amd64)
GC Precious Log:
 CardTable entry size: 512
 Card Set container configuration: InlinePtr #cards 5 size 8 Array Of Cards #cards 12 size 40 Howl #buckets 4 coarsen threshold 1843 Howl Bitmap #cards 512 size 80 coarsen threshold 460 Card regions per heap region 1 cards per card region 2048
 CPUs: 8 total, 8 available
 Memory: 6091M
 Large Page Support: Disabled
 NUMA Support: Disabled
 Compressed Oops: Enabled (32-bit)
 Heap Region Size: 1M
 Heap Min Capacity: 8M
 Heap Initial Capacity: 96M
 Heap Max Capacity: 1524M
 Pre-touch: Disabled
 Parallel Workers: 8
 Concurrent Workers: 2
 Concurrent Refinement Workers: 8
 Periodic GC: Disabled
Heap:
 garbage-first heap   total 51200K, used 22873K [0x00000000a0c00000, 0x0000000100000000)
  region size 1024K, 6 young (6144K), 3 survivors (3072K)
 Metaspace       used 35391K, committed 35904K, reserved 1114112K
  class space    used 4853K, committed 5120K, reserved 1048576K
GC Heap History (14 events):
Event: 3.887 GC heap before
{Heap before GC invocations=0 (full 0):
 garbage-first heap   total 98304K, used 23552K [0x00000000a0c00000, 0x0000000100000000)
  region size 1024K, 23 young (23552K), 0 survivors (0K)
 Metaspace       used 6749K, committed 6912K, reserved 1114112K
  class space    used 798K, committed 896K, reserved 1048576K
}
Event: 3.898 GC heap after
{Heap after GC invocations=1 (full 0):
 garbage-first heap   total 98304K, used 7680K [0x00000000a0c00000, 0x0000000100000000)
  region size 1024K, 3 young (3072K), 3 survivors (3072K)
 Metaspace       used 6749K, committed 6912K, reserved 1114112K
  class space    used 798K, committed 896K, reserved 1048576K
}
Event: 6.802 GC heap before
{Heap before GC invocations=1 (full 0):
 garbage-first heap   total 98304K, used 31232K [0x00000000a0c00000, 0x0000000100000000)
  region size 1024K, 27 young (27648K), 3 survivors (3072K)
 Metaspace       used 12106K, committed 12352K, reserved 1114112K
  class space    used 1629K, committed 1728K, reserved 1048576K
}
Event: 6.809 GC heap after
{Heap after GC invocations=2 (full 0):
 garbage-first heap   total 98304K, used 10078K [0x00000000a0c00000, 0x0000000100000000)
  region size 1024K, 2 young (2048K), 2 survivors (2048K)
 Metaspace       used 12106K, committed 12352K, reserved 1114112K
  class space    used 1629K, committed 1728K, reserved 1048576K
}
Event: 8.427 GC heap before
{Heap before GC invocations=2 (full 0):
 garbage-first heap   total 98304K, used 53086K [0x00000000a0c00000, 0x0000000100000000)
  region size 1024K, 46 young (47104K), 2 survivors (2048K)
 Metaspace       used 21239K, committed 21504K, reserved 1114112K
  class space    used 2806K, committed 2944K, reserved 1048576K
}
Event: 8.435 GC heap after
{Heap after GC invocations=3 (full 0):
 garbage-first heap   total 98304K, used 13104K [0x00000000a0c00000, 0x0000000100000000)
  region size 1024K, 5 young (5120K), 5 survivors (5120K)
 Metaspace       used 21239K, committed 21504K, reserved 1114112K
  class space    used 2806K, committed 2944K, reserved 1048576K
}
Event: 9.138 GC heap before
{Heap before GC invocations=4 (full 0):
 garbage-first heap   total 51200K, used 37680K [0x00000000a0c00000, 0x0000000100000000)
  region size 1024K, 30 young (30720K), 5 survivors (5120K)
 Metaspace       used 25145K, committed 25472K, reserved 1114112K
  class space    used 3328K, committed 3456K, reserved 1048576K
}
Event: 9.149 GC heap after
{Heap after GC invocations=5 (full 0):
 garbage-first heap   total 51200K, used 14824K [0x00000000a0c00000, 0x0000000100000000)
  region size 1024K, 3 young (3072K), 3 survivors (3072K)
 Metaspace       used 25145K, committed 25472K, reserved 1114112K
  class space    used 3328K, committed 3456K, reserved 1048576K
}
Event: 11.119 GC heap before
{Heap before GC invocations=5 (full 0):
 garbage-first heap   total 51200K, used 37352K [0x00000000a0c00000, 0x0000000100000000)
  region size 1024K, 26 young (26624K), 3 survivors (3072K)
 Metaspace       used 29104K, committed 29440K, reserved 1114112K
  class space    used 3932K, committed 4096K, reserved 1048576K
}
Event: 11.130 GC heap after
{Heap after GC invocations=6 (full 0):
 garbage-first heap   total 51200K, used 17255K [0x00000000a0c00000, 0x0000000100000000)
  region size 1024K, 3 young (3072K), 3 survivors (3072K)
 Metaspace       used 29104K, committed 29440K, reserved 1114112K
  class space    used 3932K, committed 4096K, reserved 1048576K
}
Event: 12.417 GC heap before
{Heap before GC invocations=6 (full 0):
 garbage-first heap   total 51200K, used 39783K [0x00000000a0c00000, 0x0000000100000000)
  region size 1024K, 24 young (24576K), 3 survivors (3072K)
 Metaspace       used 31430K, committed 31872K, reserved 1114112K
  class space    used 4213K, committed 4416K, reserved 1048576K
}
Event: 12.421 GC heap after
{Heap after GC invocations=7 (full 0):
 garbage-first heap   total 51200K, used 18813K [0x00000000a0c00000, 0x0000000100000000)
  region size 1024K, 2 young (2048K), 2 survivors (2048K)
 Metaspace       used 31430K, committed 31872K, reserved 1114112K
  class space    used 4213K, committed 4416K, reserved 1048576K
}
Event: 14.243 GC heap before
{Heap before GC invocations=7 (full 0):
 garbage-first heap   total 51200K, used 40317K [0x00000000a0c00000, 0x0000000100000000)
  region size 1024K, 23 young (23552K), 2 survivors (2048K)
 Metaspace       used 35150K, committed 35648K, reserved 1114112K
  class space    used 4821K, committed 5056K, reserved 1048576K
}
Event: 14.248 GC heap after
{Heap after GC invocations=8 (full 0):
 garbage-first heap   total 51200K, used 20825K [0x00000000a0c00000, 0x0000000100000000)
  region size 1024K, 3 young (3072K), 3 survivors (3072K)
 Metaspace       used 35150K, committed 35648K, reserved 1114112K
  class space    used 4821K, committed 5056K, reserved 1048576K
}

